{"C:\\Users\\rmana\\Desktop\\presentation\\React-test-app\\working test app\\src\\app.tsx": {"path":"C:\\Users\\rmana\\Desktop\\presentation\\React-test-app\\working test app\\src\\app.tsx","statementMap":{"0":{"start":{"line":1,"column":0},"end":{"line":1,"column":26}},"1":{"start":{"line":2,"column":0},"end":{"line":2,"column":45}},"2":{"start":{"line":4,"column":22},"end":{"line":11,"column":1}},"3":{"start":{"line":5,"column":2},"end":{"line":10,"column":4}},"4":{"start":{"line":13,"column":0},"end":{"line":13,"column":19}}},"fnMap":{"0":{"name":"(anonymous_1)","decl":{"start":{"line":4,"column":22},"end":{"line":4,"column":25}},"loc":{"start":{"line":4,"column":27},"end":{"line":11,"column":1}}}},"branchMap":{},"s":{"0":0,"1":0,"2":0,"3":0,"4":0},"f":{"0":0},"b":{}}
,"C:\\Users\\rmana\\Desktop\\presentation\\React-test-app\\working test app\\src\\calculator.ts": {"path":"C:\\Users\\rmana\\Desktop\\presentation\\React-test-app\\working test app\\src\\calculator.ts","statementMap":{"0":{"start":{"line":1,"column":13},"end":{"line":1,"column":35}},"1":{"start":{"line":1,"column":29},"end":{"line":1,"column":34}}},"fnMap":{"0":{"name":"(anonymous_0)","decl":{"start":{"line":1,"column":19},"end":{"line":1,"column":20}},"loc":{"start":{"line":1,"column":29},"end":{"line":1,"column":34}}}},"branchMap":{},"s":{"0":1,"1":1},"f":{"0":1},"b":{}}
,"C:\\Users\\rmana\\Desktop\\presentation\\React-test-app\\working test app\\src\\index.tsx": {"path":"C:\\Users\\rmana\\Desktop\\presentation\\React-test-app\\working test app\\src\\index.tsx","statementMap":{"0":{"start":{"line":1,"column":0},"end":{"line":1,"column":26}},"1":{"start":{"line":2,"column":0},"end":{"line":2,"column":33}},"2":{"start":{"line":3,"column":0},"end":{"line":3,"column":39}},"3":{"start":{"line":4,"column":0},"end":{"line":4,"column":38}},"4":{"start":{"line":5,"column":0},"end":{"line":5,"column":24}},"5":{"start":{"line":7,"column":0},"end":{"line":12,"column":2}}},"fnMap":{},"branchMap":{},"s":{"0":0,"1":0,"2":0,"3":0,"4":0,"5":0},"f":{},"b":{}}
,"C:\\Users\\rmana\\Desktop\\presentation\\React-test-app\\working test app\\src\\components\\UserList.tsx": {"path":"C:\\Users\\rmana\\Desktop\\presentation\\React-test-app\\working test app\\src\\components\\UserList.tsx","statementMap":{"0":{"start":{"line":1,"column":0},"end":{"line":1,"column":26}},"1":{"start":{"line":2,"column":0},"end":{"line":2,"column":55}},"2":{"start":{"line":3,"column":0},"end":{"line":3,"column":46}},"3":{"start":{"line":6,"column":27},"end":{"line":29,"column":1}},"4":{"start":{"line":7,"column":19},"end":{"line":7,"column":32}},"5":{"start":{"line":8,"column":36},"end":{"line":8,"column":75}},"6":{"start":{"line":8,"column":69},"end":{"line":8,"column":74}},"7":{"start":{"line":10,"column":27},"end":{"line":12,"column":3}},"8":{"start":{"line":11,"column":4},"end":{"line":11,"column":27}},"9":{"start":{"line":14,"column":2},"end":{"line":28,"column":4}},"10":{"start":{"line":22,"column":10},"end":{"line":23,"column":null}},"11":{"start":{"line":31,"column":0},"end":{"line":31,"column":24}}},"fnMap":{"0":{"name":"(anonymous_1)","decl":{"start":{"line":6,"column":27},"end":{"line":6,"column":30}},"loc":{"start":{"line":6,"column":32},"end":{"line":29,"column":1}}},"1":{"name":"(anonymous_2)","decl":{"start":{"line":8,"column":48},"end":{"line":8,"column":49}},"loc":{"start":{"line":8,"column":69},"end":{"line":8,"column":74}}},"2":{"name":"(anonymous_3)","decl":{"start":{"line":10,"column":27},"end":{"line":10,"column":30}},"loc":{"start":{"line":10,"column":32},"end":{"line":12,"column":3}}},"3":{"name":"(anonymous_4)","decl":{"start":{"line":21,"column":19},"end":{"line":21,"column":20}},"loc":{"start":{"line":22,"column":10},"end":{"line":23,"column":null}}}},"branchMap":{"0":{"loc":{"start":{"line":18,"column":7},"end":{"line":18,"column":14}},"type":"binary-expr","locations":[{"start":{"line":18,"column":7},"end":{"line":18,"column":14}},{"start":{"line":18,"column":18},"end":{"line":18,"column":35}}]},"1":{"loc":{"start":{"line":19,"column":7},"end":{"line":19,"column":12}},"type":"binary-expr","locations":[{"start":{"line":19,"column":7},"end":{"line":19,"column":12}},{"start":{"line":19,"column":16},"end":{"line":19,"column":37}}]}},"s":{"0":0,"1":0,"2":0,"3":0,"4":0,"5":0,"6":0,"7":0,"8":0,"9":0,"10":0,"11":0},"f":{"0":0,"1":0,"2":0,"3":0},"b":{"0":[0,0],"1":[0,0]}}
,"C:\\Users\\rmana\\Desktop\\presentation\\React-test-app\\working test app\\src\\redux\\actions.ts": {"path":"C:\\Users\\rmana\\Desktop\\presentation\\React-test-app\\working test app\\src\\redux\\actions.ts","statementMap":{"0":{"start":{"line":2,"column":0},"end":{"line":2,"column":26}},"1":{"start":{"line":3,"column":0},"end":{"line":3,"column":null}},"2":{"start":{"line":11,"column":13},"end":{"line":21,"column":2}},"3":{"start":{"line":12,"column":2},"end":{"line":20,"column":4}},"4":{"start":{"line":12,"column":55},"end":{"line":20,"column":4}},"5":{"start":{"line":13,"column":4},"end":{"line":13,"column":44}},"6":{"start":{"line":14,"column":4},"end":{"line":19,"column":null}},"7":{"start":{"line":15,"column":23},"end":{"line":15,"column":92}},"8":{"start":{"line":16,"column":6},"end":{"line":16,"column":70}},"9":{"start":{"line":18,"column":6},"end":{"line":18,"column":81}}},"fnMap":{"0":{"name":"(anonymous_8)","decl":{"start":{"line":11,"column":26},"end":{"line":11,"column":29}},"loc":{"start":{"line":11,"column":31},"end":{"line":21,"column":1}}},"1":{"name":"(anonymous_9)","decl":{"start":{"line":12,"column":9},"end":{"line":12,"column":16}},"loc":{"start":{"line":12,"column":55},"end":{"line":20,"column":4}}},"2":{"name":"(anonymous_10)","decl":{"start":{"line":12,"column":55},"end":{"line":12,"column":null}},"loc":{"start":{"line":12,"column":55},"end":{"line":20,"column":3}}}},"branchMap":{},"s":{"0":0,"1":0,"2":0,"3":0,"4":0,"5":0,"6":0,"7":0,"8":0,"9":0},"f":{"0":0,"1":0,"2":0},"b":{}}
,"C:\\Users\\rmana\\Desktop\\presentation\\React-test-app\\working test app\\src\\redux\\reducers.ts": {"path":"C:\\Users\\rmana\\Desktop\\presentation\\React-test-app\\working test app\\src\\redux\\reducers.ts","statementMap":{"0":{"start":{"line":1,"column":0},"end":{"line":1,"column":null}},"1":{"start":{"line":9,"column":33},"end":{"line":13,"column":4}},"2":{"start":{"line":15,"column":15},"end":{"line":29,"column":4}},"3":{"start":{"line":19,"column":4},"end":{"line":28,"column":null}},"4":{"start":{"line":21,"column":8},"end":{"line":21,"column":56}},"5":{"start":{"line":23,"column":8},"end":{"line":23,"column":67}},"6":{"start":{"line":25,"column":8},"end":{"line":25,"column":67}},"7":{"start":{"line":27,"column":8},"end":{"line":27,"column":21}}},"fnMap":{"0":{"name":"(anonymous_0)","decl":{"start":{"line":15,"column":29},"end":{"line":15,"column":null}},"loc":{"start":{"line":18,"column":16},"end":{"line":29,"column":3}}}},"branchMap":{"0":{"loc":{"start":{"line":16,"column":12},"end":{"line":16,"column":24}},"type":"default-arg","locations":[{"start":{"line":16,"column":12},"end":{"line":16,"column":24}}]},"1":{"loc":{"start":{"line":20,"column":6},"end":{"line":21,"column":56}},"type":"switch","locations":[{"start":{"line":20,"column":6},"end":{"line":21,"column":56}},{"start":{"line":22,"column":6},"end":{"line":23,"column":67}},{"start":{"line":24,"column":6},"end":{"line":25,"column":67}},{"start":{"line":26,"column":6},"end":{"line":27,"column":21}}]}},"s":{"0":0,"1":0,"2":0,"3":0,"4":0,"5":0,"6":0,"7":0},"f":{"0":0},"b":{"0":[0],"1":[0,0,0,0]}}
,"C:\\Users\\rmana\\Desktop\\presentation\\React-test-app\\working test app\\src\\redux\\store.ts": {"path":"C:\\Users\\rmana\\Desktop\\presentation\\React-test-app\\working test app\\src\\redux\\store.ts","statementMap":{"0":{"start":{"line":1,"column":0},"end":{"line":1,"column":53}},"1":{"start":{"line":2,"column":0},"end":{"line":2,"column":32}},"2":{"start":{"line":3,"column":0},"end":{"line":3,"column":41}},"3":{"start":{"line":5,"column":13},"end":{"line":5,"column":70}}},"fnMap":{},"branchMap":{},"s":{"0":0,"1":0,"2":0,"3":0},"f":{},"b":{}}
,"C:\\Users\\rmana\\Desktop\\presentation\\React-test-app\\working test app\\src\\redux\\types.ts": {"path":"C:\\Users\\rmana\\Desktop\\presentation\\React-test-app\\working test app\\src\\redux\\types.ts","statementMap":{"0":{"start":{"line":13,"column":15},"end":{"line":13,"column":59}},"1":{"start":{"line":14,"column":15},"end":{"line":14,"column":59}},"2":{"start":{"line":15,"column":15},"end":{"line":15,"column":59}}},"fnMap":{},"branchMap":{},"s":{"0":0,"1":0,"2":0},"f":{},"b":{}}
}
