{"C:\\Users\\rmana\\Desktop\\presentation\\React-test-app\\working test app\\src\\app.tsx": {"path":"C:\\Users\\rmana\\Desktop\\presentation\\React-test-app\\working test app\\src\\app.tsx","statementMap":{"0":{"start":{"line":1,"column":0},"end":{"line":1,"column":26}},"1":{"start":{"line":3,"column":0},"end":{"line":3,"column":50}},"2":{"start":{"line":5,"column":22},"end":{"line":12,"column":1}},"3":{"start":{"line":6,"column":2},"end":{"line":11,"column":4}},"4":{"start":{"line":14,"column":0},"end":{"line":14,"column":19}}},"fnMap":{"0":{"name":"(anonymous_1)","decl":{"start":{"line":5,"column":22},"end":{"line":5,"column":25}},"loc":{"start":{"line":5,"column":27},"end":{"line":12,"column":1}}}},"branchMap":{},"s":{"0":0,"1":0,"2":0,"3":0,"4":0},"f":{"0":0},"b":{}}
,"C:\\Users\\rmana\\Desktop\\presentation\\React-test-app\\working test app\\src\\calculator.ts": {"path":"C:\\Users\\rmana\\Desktop\\presentation\\React-test-app\\working test app\\src\\calculator.ts","statementMap":{"0":{"start":{"line":1,"column":13},"end":{"line":1,"column":35}},"1":{"start":{"line":1,"column":29},"end":{"line":1,"column":34}}},"fnMap":{"0":{"name":"(anonymous_0)","decl":{"start":{"line":1,"column":19},"end":{"line":1,"column":20}},"loc":{"start":{"line":1,"column":29},"end":{"line":1,"column":34}}}},"branchMap":{},"s":{"0":1,"1":1},"f":{"0":1},"b":{}}
,"C:\\Users\\rmana\\Desktop\\presentation\\React-test-app\\working test app\\src\\index.tsx": {"path":"C:\\Users\\rmana\\Desktop\\presentation\\React-test-app\\working test app\\src\\index.tsx","statementMap":{"0":{"start":{"line":1,"column":0},"end":{"line":1,"column":26}},"1":{"start":{"line":2,"column":0},"end":{"line":2,"column":33}},"2":{"start":{"line":3,"column":0},"end":{"line":3,"column":39}},"3":{"start":{"line":4,"column":0},"end":{"line":4,"column":38}},"4":{"start":{"line":5,"column":0},"end":{"line":5,"column":24}},"5":{"start":{"line":7,"column":0},"end":{"line":12,"column":2}}},"fnMap":{},"branchMap":{},"s":{"0":0,"1":0,"2":0,"3":0,"4":0,"5":0},"f":{},"b":{}}
,"C:\\Users\\rmana\\Desktop\\presentation\\React-test-app\\working test app\\src\\setupTests.ts": {"path":"C:\\Users\\rmana\\Desktop\\presentation\\React-test-app\\working test app\\src\\setupTests.ts","statementMap":{"0":{"start":{"line":2,"column":0},"end":{"line":2,"column":35}}},"fnMap":{},"branchMap":{},"s":{"0":0},"f":{},"b":{}}
,"C:\\Users\\rmana\\Desktop\\presentation\\React-test-app\\working test app\\src\\components\\UserList.tsx": {"path":"C:\\Users\\rmana\\Desktop\\presentation\\React-test-app\\working test app\\src\\components\\UserList.tsx","statementMap":{"0":{"start":{"line":1,"column":0},"end":{"line":1,"column":26}},"1":{"start":{"line":2,"column":0},"end":{"line":2,"column":55}},"2":{"start":{"line":3,"column":0},"end":{"line":3,"column":46}},"3":{"start":{"line":6,"column":27},"end":{"line":29,"column":1}},"4":{"start":{"line":7,"column":19},"end":{"line":7,"column":32}},"5":{"start":{"line":8,"column":36},"end":{"line":8,"column":75}},"6":{"start":{"line":8,"column":69},"end":{"line":8,"column":74}},"7":{"start":{"line":10,"column":27},"end":{"line":12,"column":3}},"8":{"start":{"line":11,"column":4},"end":{"line":11,"column":27}},"9":{"start":{"line":14,"column":2},"end":{"line":28,"column":4}},"10":{"start":{"line":22,"column":10},"end":{"line":23,"column":null}},"11":{"start":{"line":31,"column":0},"end":{"line":31,"column":24}}},"fnMap":{"0":{"name":"(anonymous_1)","decl":{"start":{"line":6,"column":27},"end":{"line":6,"column":30}},"loc":{"start":{"line":6,"column":32},"end":{"line":29,"column":1}}},"1":{"name":"(anonymous_2)","decl":{"start":{"line":8,"column":48},"end":{"line":8,"column":49}},"loc":{"start":{"line":8,"column":69},"end":{"line":8,"column":74}}},"2":{"name":"(anonymous_3)","decl":{"start":{"line":10,"column":27},"end":{"line":10,"column":30}},"loc":{"start":{"line":10,"column":32},"end":{"line":12,"column":3}}},"3":{"name":"(anonymous_4)","decl":{"start":{"line":21,"column":19},"end":{"line":21,"column":20}},"loc":{"start":{"line":22,"column":10},"end":{"line":23,"column":null}}}},"branchMap":{"0":{"loc":{"start":{"line":18,"column":7},"end":{"line":18,"column":14}},"type":"binary-expr","locations":[{"start":{"line":18,"column":7},"end":{"line":18,"column":14}},{"start":{"line":18,"column":18},"end":{"line":18,"column":35}}]},"1":{"loc":{"start":{"line":19,"column":7},"end":{"line":19,"column":12}},"type":"binary-expr","locations":[{"start":{"line":19,"column":7},"end":{"line":19,"column":12}},{"start":{"line":19,"column":16},"end":{"line":19,"column":37}}]}},"s":{"0":0,"1":0,"2":0,"3":0,"4":0,"5":0,"6":0,"7":0,"8":0,"9":0,"10":0,"11":0},"f":{"0":0,"1":0,"2":0,"3":0},"b":{"0":[0,0],"1":[0,0]}}
,"C:\\Users\\rmana\\Desktop\\presentation\\React-test-app\\working test app\\src\\components\\HomePage\\HomePage.tsx": {"path":"C:\\Users\\rmana\\Desktop\\presentation\\React-test-app\\working test app\\src\\components\\HomePage\\HomePage.tsx","statementMap":{"0":{"start":{"line":1,"column":0},"end":{"line":1,"column":40}},"1":{"start":{"line":3,"column":23},"end":{"line":24,"column":1}},"2":{"start":{"line":4,"column":30},"end":{"line":4,"column":41}},"3":{"start":{"line":6,"column":22},"end":{"line":8,"column":5}},"4":{"start":{"line":7,"column":8},"end":{"line":7,"column":28}},"5":{"start":{"line":10,"column":22},"end":{"line":12,"column":5}},"6":{"start":{"line":11,"column":8},"end":{"line":11,"column":28}},"7":{"start":{"line":14,"column":4},"end":{"line":23,"column":6}},"8":{"start":{"line":26,"column":0},"end":{"line":26,"column":20}}},"fnMap":{"0":{"name":"(anonymous_6)","decl":{"start":{"line":3,"column":23},"end":{"line":3,"column":26}},"loc":{"start":{"line":3,"column":28},"end":{"line":24,"column":1}}},"1":{"name":"(anonymous_7)","decl":{"start":{"line":6,"column":22},"end":{"line":6,"column":25}},"loc":{"start":{"line":6,"column":27},"end":{"line":8,"column":5}}},"2":{"name":"(anonymous_8)","decl":{"start":{"line":10,"column":22},"end":{"line":10,"column":25}},"loc":{"start":{"line":10,"column":27},"end":{"line":12,"column":5}}}},"branchMap":{},"s":{"0":0,"1":0,"2":0,"3":0,"4":0,"5":0,"6":0,"7":0,"8":0},"f":{"0":0,"1":0,"2":0},"b":{}}
,"C:\\Users\\rmana\\Desktop\\presentation\\React-test-app\\working test app\\src\\helpers\\Helper.ts": {"path":"C:\\Users\\rmana\\Desktop\\presentation\\React-test-app\\working test app\\src\\helpers\\Helper.ts","statementMap":{"0":{"start":{"line":3,"column":4},"end":{"line":3,"column":21}},"1":{"start":{"line":57,"column":9},"end":{"line":57,"column":24}},"2":{"start":{"line":10,"column":4},"end":{"line":13,"column":12}},"3":{"start":{"line":11,"column":6},"end":{"line":11,"column":30}},"4":{"start":{"line":12,"column":6},"end":{"line":12,"column":57}},"5":{"start":{"line":12,"column":35},"end":{"line":12,"column":48}},"6":{"start":{"line":57,"column":26},"end":{"line":57,"column":34}},"7":{"start":{"line":19,"column":4},"end":{"line":19,"column":29}},"8":{"start":{"line":57,"column":36},"end":{"line":57,"column":46}},"9":{"start":{"line":23,"column":42},"end":{"line":23,"column":44}},"10":{"start":{"line":25,"column":4},"end":{"line":33,"column":12}},"11":{"start":{"line":26,"column":18},"end":{"line":26,"column":38}},"12":{"start":{"line":27,"column":6},"end":{"line":29,"column":null}},"13":{"start":{"line":28,"column":8},"end":{"line":28,"column":26}},"14":{"start":{"line":30,"column":21},"end":{"line":30,"column":32}},"15":{"start":{"line":31,"column":6},"end":{"line":31,"column":26}},"16":{"start":{"line":32,"column":6},"end":{"line":32,"column":20}},"17":{"start":{"line":57,"column":48},"end":{"line":57,"column":55}},"18":{"start":{"line":38,"column":4},"end":{"line":40,"column":null}},"19":{"start":{"line":39,"column":6},"end":{"line":39,"column":17}},"20":{"start":{"line":42,"column":4},"end":{"line":44,"column":null}},"21":{"start":{"line":43,"column":6},"end":{"line":43,"column":62}},"22":{"start":{"line":43,"column":29},"end":{"line":43,"column":44}},"23":{"start":{"line":46,"column":46},"end":{"line":46,"column":48}},"24":{"start":{"line":47,"column":4},"end":{"line":51,"column":null}},"25":{"start":{"line":48,"column":6},"end":{"line":50,"column":null}},"26":{"start":{"line":49,"column":8},"end":{"line":49,"column":73}},"27":{"start":{"line":52,"column":4},"end":{"line":52,"column":26}},"28":{"start":{"line":57,"column":57},"end":{"line":57,"column":66}}},"fnMap":{"0":{"name":"calculateSquare","decl":{"start":{"line":2,"column":9},"end":{"line":2,"column":24}},"loc":{"start":{"line":2,"column":36},"end":{"line":4,"column":1}}},"1":{"name":"debounce","decl":{"start":{"line":7,"column":10},"end":{"line":7,"column":18}},"loc":{"start":{"line":7,"column":77},"end":{"line":14,"column":3}}},"2":{"name":"(anonymous_2)","decl":{"start":{"line":10,"column":12},"end":{"line":10,"column":13}},"loc":{"start":{"line":10,"column":31},"end":{"line":13,"column":5}}},"3":{"name":"(anonymous_3)","decl":{"start":{"line":12,"column":29},"end":{"line":12,"column":32}},"loc":{"start":{"line":12,"column":35},"end":{"line":12,"column":48}}},"4":{"name":"findUnique","decl":{"start":{"line":18,"column":10},"end":{"line":18,"column":20}},"loc":{"start":{"line":18,"column":32},"end":{"line":20,"column":3}}},"5":{"name":"memoize","decl":{"start":{"line":22,"column":10},"end":{"line":22,"column":17}},"loc":{"start":{"line":22,"column":58},"end":{"line":34,"column":3}}},"6":{"name":"(anonymous_6)","decl":{"start":{"line":25,"column":12},"end":{"line":25,"column":13}},"loc":{"start":{"line":25,"column":31},"end":{"line":33,"column":5}}},"7":{"name":"deepClone","decl":{"start":{"line":37,"column":10},"end":{"line":37,"column":19}},"loc":{"start":{"line":37,"column":29},"end":{"line":53,"column":3}}},"8":{"name":"(anonymous_8)","decl":{"start":{"line":43,"column":21},"end":{"line":43,"column":25}},"loc":{"start":{"line":43,"column":29},"end":{"line":43,"column":44}}}},"branchMap":{"0":{"loc":{"start":{"line":27,"column":6},"end":{"line":29,"column":null}},"type":"if","locations":[{"start":{"line":27,"column":6},"end":{"line":29,"column":null}},{"start":{"line":27,"column":6},"end":{"line":29,"column":null}}]},"1":{"loc":{"start":{"line":38,"column":4},"end":{"line":40,"column":null}},"type":"if","locations":[{"start":{"line":38,"column":4},"end":{"line":40,"column":null}},{"start":{"line":38,"column":4},"end":{"line":40,"column":null}}]},"2":{"loc":{"start":{"line":38,"column":8},"end":{"line":38,"column":20}},"type":"binary-expr","locations":[{"start":{"line":38,"column":8},"end":{"line":38,"column":20}},{"start":{"line":38,"column":24},"end":{"line":38,"column":47}}]},"3":{"loc":{"start":{"line":42,"column":4},"end":{"line":44,"column":null}},"type":"if","locations":[{"start":{"line":42,"column":4},"end":{"line":44,"column":null}},{"start":{"line":42,"column":4},"end":{"line":44,"column":null}}]},"4":{"loc":{"start":{"line":48,"column":6},"end":{"line":50,"column":null}},"type":"if","locations":[{"start":{"line":48,"column":6},"end":{"line":50,"column":null}},{"start":{"line":48,"column":6},"end":{"line":50,"column":null}}]}},"s":{"0":3,"1":1,"2":2,"3":5,"4":5,"5":2,"6":1,"7":5,"8":1,"9":3,"10":3,"11":8,"12":8,"13":3,"14":5,"15":5,"16":5,"17":1,"18":13,"19":8,"20":5,"21":1,"22":3,"23":4,"24":4,"25":6,"26":6,"27":4,"28":1},"f":{"0":3,"1":2,"2":5,"3":2,"4":5,"5":3,"6":8,"7":13,"8":3},"b":{"0":[3,5],"1":[8,5],"2":[13,13],"3":[1,4],"4":[6,0]}}
,"C:\\Users\\rmana\\Desktop\\presentation\\React-test-app\\working test app\\src\\redux\\actions.ts": {"path":"C:\\Users\\rmana\\Desktop\\presentation\\React-test-app\\working test app\\src\\redux\\actions.ts","statementMap":{"0":{"start":{"line":2,"column":0},"end":{"line":2,"column":26}},"1":{"start":{"line":3,"column":0},"end":{"line":3,"column":null}},"2":{"start":{"line":11,"column":13},"end":{"line":21,"column":2}},"3":{"start":{"line":12,"column":2},"end":{"line":20,"column":4}},"4":{"start":{"line":12,"column":55},"end":{"line":20,"column":4}},"5":{"start":{"line":13,"column":4},"end":{"line":13,"column":44}},"6":{"start":{"line":14,"column":4},"end":{"line":19,"column":null}},"7":{"start":{"line":15,"column":23},"end":{"line":15,"column":92}},"8":{"start":{"line":16,"column":6},"end":{"line":16,"column":70}},"9":{"start":{"line":18,"column":6},"end":{"line":18,"column":81}}},"fnMap":{"0":{"name":"(anonymous_8)","decl":{"start":{"line":11,"column":26},"end":{"line":11,"column":29}},"loc":{"start":{"line":11,"column":31},"end":{"line":21,"column":1}}},"1":{"name":"(anonymous_9)","decl":{"start":{"line":12,"column":9},"end":{"line":12,"column":16}},"loc":{"start":{"line":12,"column":55},"end":{"line":20,"column":4}}},"2":{"name":"(anonymous_10)","decl":{"start":{"line":12,"column":55},"end":{"line":12,"column":null}},"loc":{"start":{"line":12,"column":55},"end":{"line":20,"column":3}}}},"branchMap":{},"s":{"0":0,"1":0,"2":0,"3":0,"4":0,"5":0,"6":0,"7":0,"8":0,"9":0},"f":{"0":0,"1":0,"2":0},"b":{}}
,"C:\\Users\\rmana\\Desktop\\presentation\\React-test-app\\working test app\\src\\redux\\reducers.ts": {"path":"C:\\Users\\rmana\\Desktop\\presentation\\React-test-app\\working test app\\src\\redux\\reducers.ts","statementMap":{"0":{"start":{"line":1,"column":0},"end":{"line":1,"column":null}},"1":{"start":{"line":9,"column":33},"end":{"line":13,"column":4}},"2":{"start":{"line":15,"column":15},"end":{"line":29,"column":4}},"3":{"start":{"line":19,"column":4},"end":{"line":28,"column":null}},"4":{"start":{"line":21,"column":8},"end":{"line":21,"column":56}},"5":{"start":{"line":23,"column":8},"end":{"line":23,"column":67}},"6":{"start":{"line":25,"column":8},"end":{"line":25,"column":67}},"7":{"start":{"line":27,"column":8},"end":{"line":27,"column":21}}},"fnMap":{"0":{"name":"(anonymous_0)","decl":{"start":{"line":15,"column":29},"end":{"line":15,"column":null}},"loc":{"start":{"line":18,"column":16},"end":{"line":29,"column":3}}}},"branchMap":{"0":{"loc":{"start":{"line":16,"column":12},"end":{"line":16,"column":24}},"type":"default-arg","locations":[{"start":{"line":16,"column":12},"end":{"line":16,"column":24}}]},"1":{"loc":{"start":{"line":20,"column":6},"end":{"line":21,"column":56}},"type":"switch","locations":[{"start":{"line":20,"column":6},"end":{"line":21,"column":56}},{"start":{"line":22,"column":6},"end":{"line":23,"column":67}},{"start":{"line":24,"column":6},"end":{"line":25,"column":67}},{"start":{"line":26,"column":6},"end":{"line":27,"column":21}}]}},"s":{"0":0,"1":0,"2":0,"3":0,"4":0,"5":0,"6":0,"7":0},"f":{"0":0},"b":{"0":[0],"1":[0,0,0,0]}}
,"C:\\Users\\rmana\\Desktop\\presentation\\React-test-app\\working test app\\src\\redux\\store.ts": {"path":"C:\\Users\\rmana\\Desktop\\presentation\\React-test-app\\working test app\\src\\redux\\store.ts","statementMap":{"0":{"start":{"line":1,"column":0},"end":{"line":1,"column":53}},"1":{"start":{"line":2,"column":0},"end":{"line":2,"column":32}},"2":{"start":{"line":3,"column":0},"end":{"line":3,"column":41}},"3":{"start":{"line":5,"column":13},"end":{"line":5,"column":70}}},"fnMap":{},"branchMap":{},"s":{"0":0,"1":0,"2":0,"3":0},"f":{},"b":{}}
,"C:\\Users\\rmana\\Desktop\\presentation\\React-test-app\\working test app\\src\\redux\\types.ts": {"path":"C:\\Users\\rmana\\Desktop\\presentation\\React-test-app\\working test app\\src\\redux\\types.ts","statementMap":{"0":{"start":{"line":13,"column":15},"end":{"line":13,"column":59}},"1":{"start":{"line":14,"column":15},"end":{"line":14,"column":59}},"2":{"start":{"line":15,"column":15},"end":{"line":15,"column":59}}},"fnMap":{},"branchMap":{},"s":{"0":0,"1":0,"2":0},"f":{},"b":{}}
}
