TN:
SF:C:\Users\rmana\Desktop\presentation\React-test-app\working test app\src\app.tsx
FN:5,(anonymous_1)
FNF:1
FNH:0
FNDA:0,(anonymous_1)
DA:1,0
DA:3,0
DA:5,0
DA:6,0
DA:14,0
LF:5
LH:0
BRF:0
BRH:0
end_of_record
TN:
SF:C:\Users\rmana\Desktop\presentation\React-test-app\working test app\src\calculator.ts
FN:1,(anonymous_0)
FNF:1
FNH:1
FNDA:1,(anonymous_0)
DA:1,1
LF:1
LH:1
BRF:0
BRH:0
end_of_record
TN:
SF:C:\Users\rmana\Desktop\presentation\React-test-app\working test app\src\index.tsx
FNF:0
FNH:0
DA:1,0
DA:2,0
DA:3,0
DA:4,0
DA:5,0
DA:7,0
LF:6
LH:0
BRF:0
BRH:0
end_of_record
TN:
SF:C:\Users\rmana\Desktop\presentation\React-test-app\working test app\src\setupTests.ts
FNF:0
FNH:0
DA:2,0
LF:1
LH:0
BRF:0
BRH:0
end_of_record
TN:
SF:C:\Users\rmana\Desktop\presentation\React-test-app\working test app\src\components\UserList.tsx
FN:6,(anonymous_1)
FN:8,(anonymous_2)
FN:10,(anonymous_3)
FN:21,(anonymous_4)
FNF:4
FNH:0
FNDA:0,(anonymous_1)
FNDA:0,(anonymous_2)
FNDA:0,(anonymous_3)
FNDA:0,(anonymous_4)
DA:1,0
DA:2,0
DA:3,0
DA:6,0
DA:7,0
DA:8,0
DA:10,0
DA:11,0
DA:14,0
DA:22,0
DA:31,0
LF:11
LH:0
BRDA:18,0,0,0
BRDA:18,0,1,0
BRDA:19,1,0,0
BRDA:19,1,1,0
BRF:4
BRH:0
end_of_record
TN:
SF:C:\Users\rmana\Desktop\presentation\React-test-app\working test app\src\components\HomePage\HomePage.tsx
FN:3,(anonymous_6)
FN:6,(anonymous_7)
FN:10,(anonymous_8)
FNF:3
FNH:0
FNDA:0,(anonymous_6)
FNDA:0,(anonymous_7)
FNDA:0,(anonymous_8)
DA:1,0
DA:3,0
DA:4,0
DA:6,0
DA:7,0
DA:10,0
DA:11,0
DA:14,0
DA:26,0
LF:9
LH:0
BRF:0
BRH:0
end_of_record
TN:
SF:C:\Users\rmana\Desktop\presentation\React-test-app\working test app\src\helpers\Helper.ts
FN:2,calculateSquare
FN:7,debounce
FN:10,(anonymous_2)
FN:12,(anonymous_3)
FN:18,findUnique
FN:22,memoize
FN:25,(anonymous_6)
FN:37,deepClone
FN:43,(anonymous_8)
FNF:9
FNH:9
FNDA:3,calculateSquare
FNDA:2,debounce
FNDA:5,(anonymous_2)
FNDA:2,(anonymous_3)
FNDA:5,findUnique
FNDA:3,memoize
FNDA:8,(anonymous_6)
FNDA:13,deepClone
FNDA:3,(anonymous_8)
DA:3,3
DA:10,2
DA:11,5
DA:12,5
DA:19,5
DA:23,3
DA:25,3
DA:26,8
DA:27,8
DA:28,3
DA:30,5
DA:31,5
DA:32,5
DA:38,13
DA:39,8
DA:42,5
DA:43,3
DA:46,4
DA:47,4
DA:48,6
DA:49,6
DA:52,4
DA:57,1
LF:23
LH:23
BRDA:27,0,0,3
BRDA:27,0,1,5
BRDA:38,1,0,8
BRDA:38,1,1,5
BRDA:38,2,0,13
BRDA:38,2,1,13
BRDA:42,3,0,1
BRDA:42,3,1,4
BRDA:48,4,0,6
BRDA:48,4,1,0
BRF:10
BRH:9
end_of_record
TN:
SF:C:\Users\rmana\Desktop\presentation\React-test-app\working test app\src\redux\actions.ts
FN:11,(anonymous_8)
FN:12,(anonymous_9)
FN:12,(anonymous_10)
FNF:3
FNH:0
FNDA:0,(anonymous_8)
FNDA:0,(anonymous_9)
FNDA:0,(anonymous_10)
DA:2,0
DA:3,0
DA:11,0
DA:12,0
DA:13,0
DA:14,0
DA:15,0
DA:16,0
DA:18,0
LF:9
LH:0
BRF:0
BRH:0
end_of_record
TN:
SF:C:\Users\rmana\Desktop\presentation\React-test-app\working test app\src\redux\reducers.ts
FN:15,(anonymous_0)
FNF:1
FNH:0
FNDA:0,(anonymous_0)
DA:1,0
DA:9,0
DA:15,0
DA:19,0
DA:21,0
DA:23,0
DA:25,0
DA:27,0
LF:8
LH:0
BRDA:16,0,0,0
BRDA:20,1,0,0
BRDA:20,1,1,0
BRDA:20,1,2,0
BRDA:20,1,3,0
BRF:5
BRH:0
end_of_record
TN:
SF:C:\Users\rmana\Desktop\presentation\React-test-app\working test app\src\redux\store.ts
FNF:0
FNH:0
DA:1,0
DA:2,0
DA:3,0
DA:5,0
LF:4
LH:0
BRF:0
BRH:0
end_of_record
TN:
SF:C:\Users\rmana\Desktop\presentation\React-test-app\working test app\src\redux\types.ts
FNF:0
FNH:0
DA:13,0
DA:14,0
DA:15,0
LF:3
LH:0
BRF:0
BRH:0
end_of_record
